<?xml version="1.0" encoding="UTF-8"?>
<!-- Generated by org.testng.reporters.JUnitReportReporter -->
<testsuite hostname="Srinivasulu" failures="0" tests="3" name="com.cbbank.qa.testcases.LoginPageTest" time="18.030" errors="0" timestamp="2022-07-12T18:45:00 GMT-07:00" skipped="0">
  <testcase classname="com.cbbank.qa.testcases.LoginPageTest" name="validateLoginTitle" time="7.057"/>
  <system-out/>
  <testcase classname="com.cbbank.qa.testcases.LoginPageTest" name="validateLoginLogo" time="4.436"/>
  <system-out/>
  <testcase classname="com.cbbank.qa.testcases.LoginPageTest" name="loginToApp" time="6.537"/>
  <system-out/>
</testsuite> <!-- com.cbbank.qa.testcases.LoginPageTest -->
