<?xml version="1.0" encoding="UTF-8"?>
<!-- Generated by org.testng.reporters.JUnitReportReporter -->
<testsuite hostname="Srinivasulu" failures="0" tests="3" name="com.cbbank.qa.testcases.HomePageTest" time="36.512" errors="0" timestamp="2022-07-12T19:09:59 GMT-07:00" skipped="0">
  <testcase classname="com.cbbank.qa.testcases.HomePageTest" name="validateTitle" time="12.564"/>
  <system-out/>
  <testcase classname="com.cbbank.qa.testcases.HomePageTest" name="validateLogo" time="11.474"/>
  <system-out/>
  <testcase classname="com.cbbank.qa.testcases.HomePageTest" name="navigateToDeleteCustomerPage" time="12.474"/>
  <system-out/>
</testsuite> <!-- com.cbbank.qa.testcases.HomePageTest -->
